========================================
--- Deployment triggered at Sat Jul 11 06:06:17 PM UTC 2026 ---
--> Cleaning up background CPU tasks...
--> Forcing exact sync with GitHub main branch...
From https://github.com/JayCuthrell/fudge-org-eleventy-excellent-4.3.3
 * branch            main       -> FETCH_HEAD
   efc2e89..a5b75f4  main       -> origin/main
HEAD is now at a5b75f4 edits
--> Updating dependencies...

up to date, audited 486 packages in 12s

113 packages are looking for funding
  run `npm fund` for details

3 moderate severity vulnerabilities

To address all issues (including breaking changes), run:
  npm audit fix --force

Run `npm audit` for details.
--> Building site...

> eleventy-excellent@4.3.3 build
> npm run build:11ty && pagefind --site dist


> eleventy-excellent@4.3.3 build:11ty
> cross-env ELEVENTY_ENV=production eleventy --quiet

[dotenv@17.2.2] injecting env (0) from .env -- tip: ⚙️  override existing env vars with { override: true }

warn - You have enabled experimental features: optimizeUniversalDefaults
warn - Experimental features in Tailwind CSS are not covered by semver, may introduce breaking changes, and can change at any time.
[11ty] Problem writing Eleventy templates:
[11ty] 1. Having trouble rendering njk template ./src/common/humans.njk (via TemplateContentRenderError)
[11ty] 2. (./src/common/humans.njk)
[11ty]   Error: filter not found: dateToFormat (via Template render error)
[11ty] 3. filter not found: dateToFormat
[11ty] 
[11ty] Original error stack trace: Error: filter not found: dateToFormat
[11ty]     at Environment.getFilter (/home/jay/github/fudge-org-eleventy-excellent-4.3.3/node_modules/nunjucks/src/environment.js:172:13)
[11ty]     at Template.root [as rootRenderFunc] (eval at _compile (/home/jay/github/fudge-org-eleventy-excellent-4.3.3/node_modules/nunjucks/src/environment.js:527:18), <anonymous>:16:37)
[11ty]     at Template.render (/home/jay/github/fudge-org-eleventy-excellent-4.3.3/node_modules/nunjucks/src/environment.js:454:10)
[11ty]     at file:///home/jay/github/fudge-org-eleventy-excellent-4.3.3/node_modules/@11ty/eleventy/src/Engines/Nunjucks.js:471:9
[11ty]     at Template._render (file:///home/jay/github/fudge-org-eleventy-excellent-4.3.3/node_modules/@11ty/eleventy/src/TemplateContent.js:644:25)
[11ty]     at process.processTicksAndRejections (node:internal/process/task_queues:105:5)
[11ty]     at async file:///home/jay/github/fudge-org-eleventy-excellent-4.3.3/node_modules/@11ty/eleventy/src/TemplateMap.js:390:9
[11ty]     at async Promise.all (index 0)
[11ty]     at async TemplateMap.populateContentDataInMap (file:///home/jay/github/fudge-org-eleventy-excellent-4.3.3/node_modules/@11ty/eleventy/src/TemplateMap.js:380:4)
[11ty]     at async TemplateMap.cache (file:///home/jay/github/fudge-org-eleventy-excellent-4.3.3/node_modules/@11ty/eleventy/src/TemplateMap.js:291:3)
[11ty] Copied 102 Wrote 0 files in 29.22 seconds (v3.1.6)
[11ty] Eleventy Fatal Error (CLI):
[11ty] 1. Having trouble rendering njk template ./src/common/humans.njk (via TemplateContentRenderError)
[11ty] 2. (./src/common/humans.njk)
[11ty]   Error: filter not found: dateToFormat (via Template render error)
[11ty] 3. filter not found: dateToFormat
[11ty] 
[11ty] Original error stack trace: Error: filter not found: dateToFormat
[11ty]     at Environment.getFilter (/home/jay/github/fudge-org-eleventy-excellent-4.3.3/node_modules/nunjucks/src/environment.js:172:13)
[11ty]     at Template.root [as rootRenderFunc] (eval at _compile (/home/jay/github/fudge-org-eleventy-excellent-4.3.3/node_modules/nunjucks/src/environment.js:527:18), <anonymous>:16:37)
[11ty]     at Template.render (/home/jay/github/fudge-org-eleventy-excellent-4.3.3/node_modules/nunjucks/src/environment.js:454:10)
[11ty]     at file:///home/jay/github/fudge-org-eleventy-excellent-4.3.3/node_modules/@11ty/eleventy/src/Engines/Nunjucks.js:471:9
[11ty]     at Template._render (file:///home/jay/github/fudge-org-eleventy-excellent-4.3.3/node_modules/@11ty/eleventy/src/TemplateContent.js:644:25)
[11ty]     at process.processTicksAndRejections (node:internal/process/task_queues:105:5)
[11ty]     at async file:///home/jay/github/fudge-org-eleventy-excellent-4.3.3/node_modules/@11ty/eleventy/src/TemplateMap.js:390:9
[11ty]     at async Promise.all (index 0)
[11ty]     at async TemplateMap.populateContentDataInMap (file:///home/jay/github/fudge-org-eleventy-excellent-4.3.3/node_modules/@11ty/eleventy/src/TemplateMap.js:380:4)
[11ty]     at async TemplateMap.cache (file:///home/jay/github/fudge-org-eleventy-excellent-4.3.3/node_modules/@11ty/eleventy/src/TemplateMap.js:291:3)
NODE_OPTIONS=--max-old-space-size=3072 npm run build  22.68s user 2.58s system 81% cpu 31.093 total
========================================
--- Deployment triggered at Sat Jul 11 06:08:33 PM UTC 2026 ---
--> Cleaning up background CPU tasks...
--> Forcing exact sync with GitHub main branch...
From https://github.com/JayCuthrell/fudge-org-eleventy-excellent-4.3.3
 * branch            main       -> FETCH_HEAD
   a5b75f4..3f3d492  main       -> origin/main
HEAD is now at 3f3d492 fix
--> Updating dependencies...

up to date, audited 486 packages in 1s

113 packages are looking for funding
  run `npm fund` for details

3 moderate severity vulnerabilities

To address all issues (including breaking changes), run:
  npm audit fix --force

Run `npm audit` for details.
--> Building site...

> eleventy-excellent@4.3.3 build
> npm run build:11ty && pagefind --site dist


> eleventy-excellent@4.3.3 build:11ty
> cross-env ELEVENTY_ENV=production eleventy --quiet

[dotenv@17.2.2] injecting env (0) from .env -- tip: ⚙️  write to custom object with { processEnv: myObject }

warn - You have enabled experimental features: optimizeUniversalDefaults
warn - Experimental features in Tailwind CSS are not covered by semver, may introduce breaking changes, and can change at any time.
🚀 Found 897 SVG(s) to convert to JPEG...
✨ JPEG conversion complete.
[11ty] Copied 102 Wrote 1868 files in 169.71 seconds (90.9ms each, v3.1.6)

Running Pagefind v1.4.0 (Extended)
Running from: "/home/jay/github/fudge-org-eleventy-excellent-4.3.3"
Source:       "dist"
Output:       "dist/pagefind"

[Walking source directory]
Found 1012 files matching **/*.{html}

[Parsing files]
Found a data-pagefind-body element on the site.
↳ Ignoring pages without this tag.

[Reading languages]
Discovered 1 language: en

[Building search indexes]
Total: 
  Indexed 1 language
  Indexed 1011 pages
  Indexed 25823 words
  Indexed 0 filters
  Indexed 0 sorts

Finished in 4.442 seconds
NODE_OPTIONS=--max-old-space-size=3072 npm run build  71.83s user 31.68s system 58% cpu 2:57.97 total
--- Build finished successfully at Sat Jul 11 06:11:35 PM UTC 2026 ---
========================================
========================================
--- Deployment triggered at Sat Jul 11 11:44:53 PM UTC 2026 ---
--> Cleaning up background CPU tasks...
--> Forcing exact sync with GitHub main branch...
From https://github.com/JayCuthrell/fudge-org-eleventy-excellent-4.3.3
 * branch            main       -> FETCH_HEAD
   3f3d492..bcfab74  main       -> origin/main
HEAD is now at bcfab74 faq prep
--> Updating dependencies...

up to date, audited 486 packages in 3s

113 packages are looking for funding
  run `npm fund` for details

3 moderate severity vulnerabilities

To address all issues (including breaking changes), run:
  npm audit fix --force

Run `npm audit` for details.
npm notice
npm notice New minor version of npm available! 11.7.0 -> 11.18.0
npm notice Changelog: https://github.com/npm/cli/releases/tag/v11.18.0
npm notice To update run: npm install -g npm@11.18.0
npm notice
--> Building site...

> eleventy-excellent@4.3.3 build
> npm run build:11ty && pagefind --site dist


> eleventy-excellent@4.3.3 build:11ty
> cross-env ELEVENTY_ENV=production eleventy --quiet

[dotenv@17.2.2] injecting env (0) from .env -- tip: ⚙️  suppress all logs with { quiet: true }

warn - You have enabled experimental features: optimizeUniversalDefaults
warn - Experimental features in Tailwind CSS are not covered by semver, may introduce breaking changes, and can change at any time.
🚀 Found 897 SVG(s) to convert to JPEG...
✨ JPEG conversion complete.
[11ty] Copied 102 Wrote 1868 files in 177.77 seconds (95.2ms each, v3.1.6)

Running Pagefind v1.4.0 (Extended)
Running from: "/home/jay/github/fudge-org-eleventy-excellent-4.3.3"
Source:       "dist"
Output:       "dist/pagefind"

[Walking source directory]
Found 1012 files matching **/*.{html}

[Parsing files]
Found a data-pagefind-body element on the site.
↳ Ignoring pages without this tag.

[Reading languages]
Discovered 1 language: en

[Building search indexes]
Total: 
  Indexed 1 language
  Indexed 1011 pages
  Indexed 25823 words
  Indexed 0 filters
  Indexed 0 sorts

Finished in 4.522 seconds
NODE_OPTIONS=--max-old-space-size=3072 npm run build  75.12s user 34.42s system 58% cpu 3:07.84 total
--- Build finished successfully at Sat Jul 11 11:48:06 PM UTC 2026 ---
========================================
========================================
--- Deployment triggered at Sun Jul 12 12:10:51 AM UTC 2026 ---
--> Cleaning up background CPU tasks...
--> Forcing exact sync with GitHub main branch...
From https://github.com/JayCuthrell/fudge-org-eleventy-excellent-4.3.3
 * branch            main       -> FETCH_HEAD
   bcfab74..11d9ad4  main       -> origin/main
HEAD is now at 11d9ad4 faq test 1
--> Updating dependencies...

up to date, audited 486 packages in 2s

113 packages are looking for funding
  run `npm fund` for details

3 moderate severity vulnerabilities

To address all issues (including breaking changes), run:
  npm audit fix --force

Run `npm audit` for details.
--> Building site...

> eleventy-excellent@4.3.3 build
> npm run build:11ty && pagefind --site dist


> eleventy-excellent@4.3.3 build:11ty
> cross-env ELEVENTY_ENV=production eleventy --quiet

[dotenv@17.2.2] injecting env (0) from .env -- tip: ⚙️  write to custom object with { processEnv: myObject }

warn - You have enabled experimental features: optimizeUniversalDefaults
warn - Experimental features in Tailwind CSS are not covered by semver, may introduce breaking changes, and can change at any time.
🚀 Found 897 SVG(s) to convert to JPEG...
✨ JPEG conversion complete.
[11ty] Copied 102 Wrote 1868 files in 161.66 seconds (86.5ms each, v3.1.6)

Running Pagefind v1.4.0 (Extended)
Running from: "/home/jay/github/fudge-org-eleventy-excellent-4.3.3"
Source:       "dist"
Output:       "dist/pagefind"

[Walking source directory]
Found 1012 files matching **/*.{html}

[Parsing files]
Found a data-pagefind-body element on the site.
↳ Ignoring pages without this tag.

[Reading languages]
Discovered 1 language: en

[Building search indexes]
Total: 
  Indexed 1 language
  Indexed 1011 pages
  Indexed 25823 words
  Indexed 0 filters
  Indexed 0 sorts

Finished in 4.068 seconds
NODE_OPTIONS=--max-old-space-size=3072 npm run build  68.36s user 32.34s system 59% cpu 2:49.98 total
--- Build finished successfully at Sun Jul 12 12:13:46 AM UTC 2026 ---
========================================
========================================
--- Deployment triggered at Sun Jul 12 12:27:44 AM UTC 2026 ---
--> Cleaning up background CPU tasks...
--> Forcing exact sync with GitHub main branch...
From https://github.com/JayCuthrell/fudge-org-eleventy-excellent-4.3.3
 * branch            main       -> FETCH_HEAD
   11d9ad4..030b7f1  main       -> origin/main
HEAD is now at 030b7f1 slow progress
--> Updating dependencies...

up to date, audited 486 packages in 2s

113 packages are looking for funding
  run `npm fund` for details

3 moderate severity vulnerabilities

To address all issues (including breaking changes), run:
  npm audit fix --force

Run `npm audit` for details.
--> Building site...

> eleventy-excellent@4.3.3 build
> npm run build:11ty && pagefind --site dist


> eleventy-excellent@4.3.3 build:11ty
> cross-env ELEVENTY_ENV=production eleventy --quiet

[dotenv@17.2.2] injecting env (0) from .env -- tip: 📡 version env with Radar: https://dotenvx.com/radar

warn - You have enabled experimental features: optimizeUniversalDefaults
warn - Experimental features in Tailwind CSS are not covered by semver, may introduce breaking changes, and can change at any time.
🚀 Found 897 SVG(s) to convert to JPEG...
✨ JPEG conversion complete.
[11ty] Copied 102 Wrote 1868 files in 163.14 seconds (87.3ms each, v3.1.6)

Running Pagefind v1.4.0 (Extended)
Running from: "/home/jay/github/fudge-org-eleventy-excellent-4.3.3"
Source:       "dist"
Output:       "dist/pagefind"

[Walking source directory]
Found 1012 files matching **/*.{html}

[Parsing files]
Found a data-pagefind-body element on the site.
↳ Ignoring pages without this tag.

[Reading languages]
Discovered 1 language: en

[Building search indexes]
Total: 
  Indexed 1 language
  Indexed 1011 pages
  Indexed 25823 words
  Indexed 0 filters
  Indexed 0 sorts

Finished in 4.293 seconds
NODE_OPTIONS=--max-old-space-size=3072 npm run build  72.51s user 31.42s system 60% cpu 2:51.59 total
--- Build finished successfully at Sun Jul 12 12:30:41 AM UTC 2026 ---
========================================
========================================
--- Deployment triggered at Sun Jul 12 02:39:01 AM UTC 2026 ---
--> Cleaning up background CPU tasks...
--> Forcing exact sync with GitHub main branch...
From https://github.com/JayCuthrell/fudge-org-eleventy-excellent-4.3.3
 * branch            main       -> FETCH_HEAD
   030b7f1..2360f74  main       -> origin/main
HEAD is now at 2360f74 faq bulk
--> Updating dependencies...

up to date, audited 486 packages in 3s

113 packages are looking for funding
  run `npm fund` for details

3 moderate severity vulnerabilities

To address all issues (including breaking changes), run:
  npm audit fix --force

Run `npm audit` for details.
--> Building site...

> eleventy-excellent@4.3.3 build
> npm run build:11ty && pagefind --site dist


> eleventy-excellent@4.3.3 build:11ty
> cross-env ELEVENTY_ENV=production eleventy --quiet

[dotenv@17.2.2] injecting env (0) from .env -- tip: 📡 observe env with Radar: https://dotenvx.com/radar

warn - You have enabled experimental features: optimizeUniversalDefaults
warn - Experimental features in Tailwind CSS are not covered by semver, may introduce breaking changes, and can change at any time.
🚀 Found 897 SVG(s) to convert to JPEG...
✨ JPEG conversion complete.
[11ty] Copied 102 Wrote 1868 files in 161.17 seconds (86.3ms each, v3.1.6)

Running Pagefind v1.4.0 (Extended)
Running from: "/home/jay/github/fudge-org-eleventy-excellent-4.3.3"
Source:       "dist"
Output:       "dist/pagefind"

[Walking source directory]
Found 1012 files matching **/*.{html}

[Parsing files]
Found a data-pagefind-body element on the site.
↳ Ignoring pages without this tag.

[Reading languages]
Discovered 1 language: en

[Building search indexes]
Total: 
  Indexed 1 language
  Indexed 1011 pages
  Indexed 25823 words
  Indexed 0 filters
  Indexed 0 sorts

Finished in 5.849 seconds
NODE_OPTIONS=--max-old-space-size=3072 npm run build  70.92s user 32.03s system 59% cpu 2:51.73 total
--- Build finished successfully at Sun Jul 12 02:41:59 AM UTC 2026 ---
========================================
========================================
--- Deployment triggered at Sun Jul 12 02:56:43 AM UTC 2026 ---
--> Cleaning up background CPU tasks...
--> Forcing exact sync with GitHub main branch...
From https://github.com/JayCuthrell/fudge-org-eleventy-excellent-4.3.3
 * branch            main       -> FETCH_HEAD
   2360f74..304c298  main       -> origin/main
HEAD is now at 304c298 rate limited
--> Updating dependencies...

up to date, audited 486 packages in 2s

113 packages are looking for funding
  run `npm fund` for details

3 moderate severity vulnerabilities

To address all issues (including breaking changes), run:
  npm audit fix --force

Run `npm audit` for details.
--> Building site...

> eleventy-excellent@4.3.3 build
> npm run build:11ty && pagefind --site dist


> eleventy-excellent@4.3.3 build:11ty
> cross-env ELEVENTY_ENV=production eleventy --quiet

[dotenv@17.2.2] injecting env (0) from .env -- tip: 📡 version env with Radar: https://dotenvx.com/radar

warn - You have enabled experimental features: optimizeUniversalDefaults
warn - Experimental features in Tailwind CSS are not covered by semver, may introduce breaking changes, and can change at any time.
🚀 Found 897 SVG(s) to convert to JPEG...
✨ JPEG conversion complete.
[11ty] Copied 102 Wrote 1868 files in 165.75 seconds (88.7ms each, v3.1.6)

Running Pagefind v1.4.0 (Extended)
Running from: "/home/jay/github/fudge-org-eleventy-excellent-4.3.3"
Source:       "dist"
Output:       "dist/pagefind"

[Walking source directory]
Found 1012 files matching **/*.{html}

[Parsing files]
Found a data-pagefind-body element on the site.
↳ Ignoring pages without this tag.

[Reading languages]
Discovered 1 language: en

[Building search indexes]
Total: 
  Indexed 1 language
  Indexed 1011 pages
  Indexed 25823 words
  Indexed 0 filters
  Indexed 0 sorts

Finished in 4.734 seconds
NODE_OPTIONS=--max-old-space-size=3072 npm run build  71.66s user 30.26s system 58% cpu 2:54.82 total
--- Build finished successfully at Sun Jul 12 02:59:42 AM UTC 2026 ---
========================================
========================================
--- Deployment triggered at Sun Jul 12 03:51:44 AM UTC 2026 ---
--> Cleaning up background CPU tasks...
--> Forcing exact sync with GitHub main branch...
From https://github.com/JayCuthrell/fudge-org-eleventy-excellent-4.3.3
 * branch            main       -> FETCH_HEAD
   304c298..ebd34ad  main       -> origin/main
HEAD is now at ebd34ad remaining faq
--> Updating dependencies...

up to date, audited 486 packages in 2s

113 packages are looking for funding
  run `npm fund` for details

3 moderate severity vulnerabilities

To address all issues (including breaking changes), run:
  npm audit fix --force

Run `npm audit` for details.
--> Building site...

> eleventy-excellent@4.3.3 build
> npm run build:11ty && pagefind --site dist


> eleventy-excellent@4.3.3 build:11ty
> cross-env ELEVENTY_ENV=production eleventy --quiet

[dotenv@17.2.2] injecting env (0) from .env -- tip: 🔐 prevent building .env in docker: https://dotenvx.com/prebuild

warn - You have enabled experimental features: optimizeUniversalDefaults
warn - Experimental features in Tailwind CSS are not covered by semver, may introduce breaking changes, and can change at any time.
🚀 Found 897 SVG(s) to convert to JPEG...
✨ JPEG conversion complete.
[11ty] Copied 102 Wrote 1868 files in 217.76 seconds (116.6ms each, v3.1.6)

Running Pagefind v1.4.0 (Extended)
Running from: "/home/jay/github/fudge-org-eleventy-excellent-4.3.3"
Source:       "dist"
Output:       "dist/pagefind"

[Walking source directory]
Found 1012 files matching **/*.{html}

[Parsing files]
Found a data-pagefind-body element on the site.
↳ Ignoring pages without this tag.

[Reading languages]
Discovered 1 language: en

[Building search indexes]
Total: 
  Indexed 1 language
  Indexed 1011 pages
  Indexed 25823 words
  Indexed 0 filters
  Indexed 0 sorts

Finished in 4.342 seconds
NODE_OPTIONS=--max-old-space-size=3072 npm run build  86.03s user 54.48s system 53% cpu 4:21.48 total
--- Build finished successfully at Sun Jul 12 03:56:11 AM UTC 2026 ---
========================================
